lib/New/xuartps_options.o not-needed
lib/New/xqspips_g.o Needed
lib/New/xqspips_hw.o not-needed
lib/New/xsdps_host.o Needed
lib/New/xl2cc_counter.o not-needed
lib/New/xuartps_sinit.o not-needed
lib/New/xusbps_g.o not-needed
lib/New/xusbps_sinit.o not-needed
lib/New/xusbps_endpoint.o not-needed
lib/New/xqspips_selftest.o not-needed
lib/New/xuartps.o not-needed
lib/New/xuartps_g.o not-needed
lib/New/xsdps.o Needed
lib/New/xqspips_sinit.o Needed
lib/New/xuartps_hw.o Needed
lib/New/xsdps_card.o Needed
lib/New/xusbps_hw.o not-needed
lib/New/xuartps_selftest.o not-needed
lib/New/xsdps_options.o Needed
lib/New/xqspips_options.o Needed
lib/New/cpputest_time.o not-needed
lib/New/xqspips.o Needed
lib/New/xuartps_intr.o not-needed
lib/New/xsdps_g.o Needed
lib/New/xusbps_intr.o not-needed
lib/New/xusbps.o not-needed
lib/New/xsdps_sinit.o Needed
